/bin/bash: /Users/willy/Desktop/Willy/FleetMapAndTimeline/fleetpush.sh: Operation not permitted
/bin/bash: /Users/willy/Desktop/Willy/FleetMapAndTimeline/fleetpush.sh: Operation not permitted
/bin/bash: /Users/willy/Desktop/Willy/FleetMapAndTimeline/fleetpush.sh: Operation not permitted
/bin/bash: /Users/willy/Desktop/Willy/FleetMapAndTimeline/fleetpush.sh: Operation not permitted
/bin/bash: /Users/willy/Desktop/Willy/FleetMapAndTimeline/fleetpush.sh: Operation not permitted
/bin/bash: /Users/willy/Desktop/Willy/FleetMapAndTimeline/fleetpush.sh: Operation not permitted
/bin/bash: /Users/willy/Desktop/Willy/FleetMapAndTimeline/fleetpush.sh: Operation not permitted
/bin/bash: /Users/willy/Desktop/Willy/FleetMapAndTimeline/fleetpush.sh: Operation not permitted
/bin/bash: /Users/willy/Desktop/Willy/FleetMapAndTimeline/fleetpush.sh: Operation not permitted
/bin/bash: /Users/willy/Desktop/Willy/FleetMapAndTimeline/fleetpush.sh: Operation not permitted
/bin/bash: /Users/willy/Desktop/Willy/FleetMapAndTimeline/fleetpush.sh: Operation not permitted
/bin/bash: /Users/willy/Desktop/Willy/FleetMapAndTimeline/fleetpush.sh: Operation not permitted
/bin/bash: /Users/willy/Desktop/Willy/FleetMapAndTimeline/fleetpush.sh: Operation not permitted
/bin/bash: /Users/willy/Desktop/Willy/FleetMapAndTimeline/fleetpush.sh: Operation not permitted
/bin/bash: /Users/willy/Desktop/Willy/FleetMapAndTimeline/fleetpush.sh: Operation not permitted
/bin/bash: /Users/willy/Desktop/Willy/FleetMapAndTimeline/fleetpush.sh: Operation not permitted
/bin/bash: /Users/willy/Desktop/Willy/FleetMapAndTimeline/fleetpush.sh: Operation not permitted
/bin/bash: /Users/willy/Desktop/Willy/FleetMapAndTimeline/fleetpush.sh: Operation not permitted
/bin/bash: /Users/willy/Desktop/Willy/FleetMapAndTimeline/fleetpush.sh: Operation not permitted
/bin/bash: /Users/willy/Desktop/Willy/FleetMapAndTimeline/fleetpush.sh: Operation not permitted
/bin/bash: /Users/willy/Desktop/Willy/FleetMapAndTimeline/fleetpush.sh: Operation not permitted
/bin/bash: /Users/willy/Desktop/Willy/FleetMapAndTimeline/fleetpush.sh: Operation not permitted
/bin/bash: /Users/willy/Desktop/Willy/FleetMapAndTimeline/fleetpush.sh: Operation not permitted
/bin/bash: /Users/willy/Desktop/Willy/FleetMapAndTimeline/fleetpush.sh: Operation not permitted
/bin/bash: /Users/willy/Desktop/Willy/FleetMapAndTimeline/fleetpush.sh: Operation not permitted
/bin/bash: /Users/willy/Desktop/Willy/FleetMapAndTimeline/fleetpush.sh: Operation not permitted
/bin/bash: /Users/willy/Desktop/Willy/FleetMapAndTimeline/fleetpush.sh: Operation not permitted
/bin/bash: /Users/willy/Desktop/Willy/FleetMapAndTimeline/fleetpush.sh: Operation not permitted
/bin/bash: /Users/willy/Desktop/Willy/FleetMapAndTimeline/fleetpush.sh: Operation not permitted
/bin/bash: /Users/willy/Desktop/Willy/FleetMapAndTimeline/fleetpush.sh: Operation not permitted
/bin/bash: /Users/willy/Desktop/Willy/FleetMapAndTimeline/fleetpush.sh: Operation not permitted
/bin/bash: /Users/willy/Desktop/Willy/FleetMapAndTimeline/fleetpush.sh: Operation not permitted
/bin/bash: /Users/willy/Desktop/Willy/FleetMapAndTimeline/fleetpush.sh: Operation not permitted
/bin/bash: /Users/willy/Desktop/Willy/FleetMapAndTimeline/fleetpush.sh: Operation not permitted
/bin/bash: /Users/willy/Desktop/Willy/FleetMapAndTimeline/fleetpush.sh: Operation not permitted
/bin/bash: /Users/willy/Desktop/Willy/FleetMapAndTimeline/fleetpush.sh: Operation not permitted
/bin/bash: /Users/willy/Desktop/Willy/FleetMapAndTimeline/fleetpush.sh: Operation not permitted
/bin/bash: /Users/willy/Desktop/Willy/FleetMapAndTimeline/fleetpush.sh: Operation not permitted
/bin/bash: /Users/willy/Desktop/Willy/FleetMapAndTimeline/fleetpush.sh: Operation not permitted
/bin/bash: /Users/willy/Desktop/Willy/FleetMapAndTimeline/fleetpush.sh: Operation not permitted
/bin/bash: /Users/willy/Desktop/Willy/FleetMapAndTimeline/fleetpush.sh: Operation not permitted
/bin/bash: /Users/willy/Desktop/Willy/FleetMapAndTimeline/fleetpush.sh: Operation not permitted
/bin/bash: /Users/willy/Desktop/Willy/FleetMapAndTimeline/fleetpush.sh: Operation not permitted
/bin/bash: /Users/willy/Desktop/Willy/FleetMapAndTimeline/fleetpush.sh: Operation not permitted
/bin/bash: /Users/willy/Desktop/Willy/FleetMapAndTimeline/fleetpush.sh: Operation not permitted
/bin/bash: /Users/willy/Desktop/Willy/FleetMapAndTimeline/fleetpush.sh: Operation not permitted
/bin/bash: /Users/willy/Desktop/Willy/FleetMapAndTimeline/fleetpush.sh: Operation not permitted
/bin/bash: /Users/willy/Desktop/Willy/FleetMapAndTimeline/fleetpush.sh: Operation not permitted
/bin/bash: /Users/willy/Desktop/Willy/FleetMapAndTimeline/fleetpush.sh: Operation not permitted
/bin/bash: /Users/willy/Desktop/Willy/FleetMapAndTimeline/fleetpush.sh: Operation not permitted
/bin/bash: /Users/willy/Desktop/Willy/FleetMapAndTimeline/fleetpush.sh: Operation not permitted
/bin/bash: /Users/willy/Desktop/Willy/FleetMapAndTimeline/fleetpush.sh: Operation not permitted
/bin/bash: /Users/willy/Desktop/Willy/FleetMapAndTimeline/fleetpush.sh: Operation not permitted
/bin/bash: /Users/willy/Desktop/Willy/FleetMapAndTimeline/fleetpush.sh: Operation not permitted
/bin/bash: /Users/willy/Desktop/Willy/FleetMapAndTimeline/fleetpush.sh: Operation not permitted
/bin/bash: /Users/willy/Desktop/Willy/FleetMapAndTimeline/fleetpush.sh: Operation not permitted
/bin/bash: /Users/willy/Desktop/Willy/FleetMapAndTimeline/fleetpush.sh: Operation not permitted
/bin/bash: /Users/willy/Desktop/Willy/FleetMapAndTimeline/fleetpush.sh: Operation not permitted
/bin/bash: /Users/willy/Desktop/Willy/FleetMapAndTimeline/fleetpush.sh: Operation not permitted
/bin/bash: /Users/willy/Desktop/Willy/FleetMapAndTimeline/fleetpush.sh: Operation not permitted
/bin/bash: /Users/willy/Desktop/Willy/FleetMapAndTimeline/fleetpush.sh: Operation not permitted
/bin/bash: /Users/willy/Desktop/Willy/FleetMapAndTimeline/fleetpush.sh: Operation not permitted
/bin/bash: /Users/willy/Desktop/Willy/FleetMapAndTimeline/fleetpush.sh: Operation not permitted
/bin/bash: /Users/willy/Desktop/Willy/FleetMapAndTimeline/fleetpush.sh: Operation not permitted
/bin/bash: /Users/willy/Desktop/Willy/FleetMapAndTimeline/fleetpush.sh: Operation not permitted
/bin/bash: /Users/willy/Desktop/Willy/FleetMapAndTimeline/fleetpush.sh: Operation not permitted
/bin/bash: /Users/willy/Desktop/Willy/FleetMapAndTimeline/fleetpush.sh: Operation not permitted
/bin/bash: /Users/willy/Desktop/Willy/FleetMapAndTimeline/fleetpush.sh: Operation not permitted
/bin/bash: /Users/willy/Desktop/Willy/FleetMapAndTimeline/fleetpush.sh: Operation not permitted
/bin/bash: /Users/willy/Desktop/Willy/FleetMapAndTimeline/fleetpush.sh: Operation not permitted
/bin/bash: /Users/willy/Desktop/Willy/FleetMapAndTimeline/fleetpush.sh: Operation not permitted
/bin/bash: /Users/willy/Desktop/Willy/FleetMapAndTimeline/fleetpush.sh: Operation not permitted
/bin/bash: /Users/willy/Desktop/Willy/FleetMapAndTimeline/fleetpush.sh: Operation not permitted
/bin/bash: /Users/willy/Desktop/Willy/FleetMapAndTimeline/fleetpush.sh: Operation not permitted
/bin/bash: /Users/willy/Desktop/Willy/FleetMapAndTimeline/fleetpush.sh: Operation not permitted
/bin/bash: /Users/willy/Desktop/Willy/FleetMapAndTimeline/fleetpush.sh: Operation not permitted
/bin/bash: /Users/willy/Desktop/Willy/FleetMapAndTimeline/fleetpush.sh: Operation not permitted
/bin/bash: /Users/willy/Desktop/Willy/FleetMapAndTimeline/fleetpush.sh: Operation not permitted
/bin/bash: /Users/willy/Desktop/Willy/FleetMapAndTimeline/fleetpush.sh: Operation not permitted
/bin/bash: /Users/willy/Desktop/Willy/FleetMapAndTimeline/fleetpush.sh: Operation not permitted
/bin/bash: /Users/willy/Desktop/Willy/FleetMapAndTimeline/fleetpush.sh: Operation not permitted
/bin/bash: /Users/willy/Desktop/Willy/FleetMapAndTimeline/fleetpush.sh: Operation not permitted
/bin/bash: /Users/willy/Desktop/Willy/FleetMapAndTimeline/fleetpush.sh: Operation not permitted
/bin/bash: /Users/willy/Desktop/Willy/FleetMapAndTimeline/fleetpush.sh: Operation not permitted
/bin/bash: /Users/willy/Desktop/Willy/FleetMapAndTimeline/fleetpush.sh: Operation not permitted
/bin/bash: /Users/willy/Desktop/Willy/FleetMapAndTimeline/fleetpush.sh: Operation not permitted
/bin/bash: /Users/willy/Desktop/Willy/FleetMapAndTimeline/fleetpush.sh: Operation not permitted
/bin/bash: /Users/willy/Desktop/Willy/FleetMapAndTimeline/fleetpush.sh: Operation not permitted
/bin/bash: /Users/willy/Desktop/Willy/FleetMapAndTimeline/fleetpush.sh: Operation not permitted
/bin/bash: /Users/willy/Desktop/Willy/FleetMapAndTimeline/fleetpush.sh: Operation not permitted
/bin/bash: /Users/willy/Desktop/Willy/FleetMapAndTimeline/fleetpush.sh: Operation not permitted
/bin/bash: /Users/willy/Desktop/Willy/FleetMapAndTimeline/fleetpush.sh: Operation not permitted
/bin/bash: /Users/willy/Desktop/Willy/FleetMapAndTimeline/fleetpush.sh: Operation not permitted
/bin/bash: /Users/willy/Desktop/Willy/FleetMapAndTimeline/fleetpush.sh: Operation not permitted
/bin/bash: /Users/willy/Desktop/Willy/FleetMapAndTimeline/fleetpush.sh: Operation not permitted
/bin/bash: /Users/willy/Desktop/Willy/FleetMapAndTimeline/fleetpush.sh: Operation not permitted
/bin/bash: /Users/willy/Desktop/Willy/FleetMapAndTimeline/fleetpush.sh: Operation not permitted
/bin/bash: /Users/willy/Desktop/Willy/FleetMapAndTimeline/fleetpush.sh: Operation not permitted
/bin/bash: /Users/willy/Desktop/Willy/FleetMapAndTimeline/fleetpush.sh: Operation not permitted
/bin/bash: /Users/willy/Desktop/Willy/FleetMapAndTimeline/fleetpush.sh: Operation not permitted
/bin/bash: /Users/willy/Desktop/Willy/FleetMapAndTimeline/fleetpush.sh: Operation not permitted
/bin/bash: /Users/willy/Desktop/Willy/FleetMapAndTimeline/fleetpush.sh: Operation not permitted
/bin/bash: /Users/willy/Desktop/Willy/FleetMapAndTimeline/fleetpush.sh: Operation not permitted
/bin/bash: /Users/willy/Desktop/Willy/FleetMapAndTimeline/fleetpush.sh: Operation not permitted
/bin/bash: /Users/willy/Desktop/Willy/FleetMapAndTimeline/fleetpush.sh: Operation not permitted
/bin/bash: /Users/willy/Desktop/Willy/FleetMapAndTimeline/fleetpush.sh: Operation not permitted
/bin/bash: /Users/willy/Desktop/Willy/FleetMapAndTimeline/fleetpush.sh: Operation not permitted
/bin/bash: /Users/willy/Desktop/Willy/FleetMapAndTimeline/fleetpush.sh: Operation not permitted
/bin/bash: /Users/willy/Desktop/Willy/FleetMapAndTimeline/fleetpush.sh: Operation not permitted
/bin/bash: /Users/willy/Desktop/Willy/FleetMapAndTimeline/fleetpush.sh: Operation not permitted
/bin/bash: /Users/willy/Desktop/Willy/FleetMapAndTimeline/fleetpush.sh: Operation not permitted
/bin/bash: /Users/willy/Desktop/Willy/FleetMapAndTimeline/fleetpush.sh: Operation not permitted
/bin/bash: /Users/willy/Desktop/Willy/FleetMapAndTimeline/fleetpush.sh: Operation not permitted
/bin/bash: /Users/willy/Desktop/Willy/FleetMapAndTimeline/fleetpush.sh: Operation not permitted
/bin/bash: /Users/willy/Desktop/Willy/FleetMapAndTimeline/fleetpush.sh: Operation not permitted
/bin/bash: /Users/willy/Desktop/Willy/FleetMapAndTimeline/fleetpush.sh: Operation not permitted
/bin/bash: /Users/willy/Desktop/Willy/FleetMapAndTimeline/fleetpush.sh: Operation not permitted
/bin/bash: /Users/willy/Desktop/Willy/FleetMapAndTimeline/fleetpush.sh: Operation not permitted
/bin/bash: /Users/willy/Desktop/Willy/FleetMapAndTimeline/fleetpush.sh: Operation not permitted
/bin/bash: /Users/willy/Desktop/Willy/FleetMapAndTimeline/fleetpush.sh: Operation not permitted
/bin/bash: /Users/willy/Desktop/Willy/FleetMapAndTimeline/fleetpush.sh: Operation not permitted
/bin/bash: /Users/willy/Desktop/Willy/FleetMapAndTimeline/fleetpush.sh: Operation not permitted
/bin/bash: /Users/willy/Desktop/Willy/FleetMapAndTimeline/fleetpush.sh: Operation not permitted
/bin/bash: /Users/willy/Desktop/Willy/FleetMapAndTimeline/fleetpush.sh: Operation not permitted
/bin/bash: /Users/willy/Desktop/Willy/FleetMapAndTimeline/fleetpush.sh: Operation not permitted
/bin/bash: /Users/willy/Desktop/Willy/FleetMapAndTimeline/fleetpush.sh: Operation not permitted
/bin/bash: /Users/willy/Desktop/Willy/FleetMapAndTimeline/fleetpush.sh: Operation not permitted
/bin/bash: /Users/willy/Desktop/Willy/FleetMapAndTimeline/fleetpush.sh: Operation not permitted
/bin/bash: /Users/willy/Desktop/Willy/FleetMapAndTimeline/fleetpush.sh: Operation not permitted
/bin/bash: /Users/willy/Desktop/Willy/FleetMapAndTimeline/fleetpush.sh: Operation not permitted
/bin/bash: /Users/willy/Desktop/Willy/FleetMapAndTimeline/fleetpush.sh: Operation not permitted
/bin/bash: /Users/willy/Desktop/Willy/FleetMapAndTimeline/fleetpush.sh: Operation not permitted
/bin/bash: /Users/willy/Desktop/Willy/FleetMapAndTimeline/fleetpush.sh: Operation not permitted
/bin/bash: /Users/willy/Desktop/Willy/FleetMapAndTimeline/fleetpush.sh: Operation not permitted
/bin/bash: /Users/willy/Desktop/Willy/FleetMapAndTimeline/fleetpush.sh: Operation not permitted
/bin/bash: /Users/willy/Desktop/Willy/FleetMapAndTimeline/fleetpush.sh: Operation not permitted
/bin/bash: /Users/willy/Desktop/Willy/FleetMapAndTimeline/fleetpush.sh: Operation not permitted
/bin/bash: /Users/willy/Desktop/Willy/FleetMapAndTimeline/fleetpush.sh: Operation not permitted
/bin/bash: /Users/willy/Desktop/Willy/FleetMapAndTimeline/fleetpush.sh: Operation not permitted
/bin/bash: /Users/willy/Desktop/Willy/FleetMapAndTimeline/fleetpush.sh: Operation not permitted
/bin/bash: /Users/willy/Desktop/Willy/FleetMapAndTimeline/fleetpush.sh: Operation not permitted
/bin/bash: /Users/willy/Desktop/Willy/FleetMapAndTimeline/fleetpush.sh: Operation not permitted
/bin/bash: /Users/willy/Desktop/Willy/FleetMapAndTimeline/fleetpush.sh: Operation not permitted
/bin/bash: /Users/willy/Desktop/Willy/FleetMapAndTimeline/fleetpush.sh: Operation not permitted
/bin/bash: /Users/willy/Desktop/Willy/FleetMapAndTimeline/fleetpush.sh: Operation not permitted
/bin/bash: /Users/willy/Desktop/Willy/FleetMapAndTimeline/fleetpush.sh: Operation not permitted
/bin/bash: /Users/willy/Desktop/Willy/FleetMapAndTimeline/fleetpush.sh: Operation not permitted
/bin/bash: /Users/willy/Desktop/Willy/FleetMapAndTimeline/fleetpush.sh: Operation not permitted
/bin/bash: /Users/willy/Desktop/Willy/FleetMapAndTimeline/fleetpush.sh: Operation not permitted
/bin/bash: /Users/willy/Desktop/Willy/FleetMapAndTimeline/fleetpush.sh: Operation not permitted
/bin/bash: /Users/willy/Desktop/Willy/FleetMapAndTimeline/fleetpush.sh: Operation not permitted
/bin/bash: /Users/willy/Desktop/Willy/FleetMapAndTimeline/fleetpush.sh: Operation not permitted
/bin/bash: /Users/willy/Desktop/Willy/FleetMapAndTimeline/fleetpush.sh: Operation not permitted
/bin/bash: /Users/willy/Desktop/Willy/FleetMapAndTimeline/fleetpush.sh: Operation not permitted
/bin/bash: /Users/willy/Desktop/Willy/FleetMapAndTimeline/fleetpush.sh: Operation not permitted
/bin/bash: /Users/willy/Desktop/Willy/FleetMapAndTimeline/fleetpush.sh: Operation not permitted
/bin/bash: /Users/willy/Desktop/Willy/FleetMapAndTimeline/fleetpush.sh: Operation not permitted
/bin/bash: /Users/willy/Desktop/Willy/FleetMapAndTimeline/fleetpush.sh: Operation not permitted
/bin/bash: /Users/willy/Desktop/Willy/FleetMapAndTimeline/fleetpush.sh: Operation not permitted
/bin/bash: /Users/willy/Desktop/Willy/FleetMapAndTimeline/fleetpush.sh: Operation not permitted
/bin/bash: /Users/willy/Desktop/Willy/FleetMapAndTimeline/fleetpush.sh: Operation not permitted
/bin/bash: /Users/willy/Desktop/Willy/FleetMapAndTimeline/fleetpush.sh: Operation not permitted
/bin/bash: /Users/willy/Desktop/Willy/FleetMapAndTimeline/fleetpush.sh: Operation not permitted
/bin/bash: /Users/willy/Desktop/Willy/FleetMapAndTimeline/fleetpush.sh: Operation not permitted
/bin/bash: /Users/willy/Desktop/Willy/FleetMapAndTimeline/fleetpush.sh: Operation not permitted
/bin/bash: /Users/willy/Desktop/Willy/FleetMapAndTimeline/fleetpush.sh: Operation not permitted
/bin/bash: /Users/willy/Desktop/Willy/FleetMapAndTimeline/fleetpush.sh: Operation not permitted
/bin/bash: /Users/willy/Desktop/Willy/FleetMapAndTimeline/fleetpush.sh: Operation not permitted
/bin/bash: /Users/willy/Desktop/Willy/FleetMapAndTimeline/fleetpush.sh: Operation not permitted
/bin/bash: /Users/willy/Desktop/Willy/FleetMapAndTimeline/fleetpush.sh: Operation not permitted
/bin/bash: /Users/willy/Desktop/Willy/FleetMapAndTimeline/fleetpush.sh: Operation not permitted
/bin/bash: /Users/willy/Desktop/Willy/FleetMapAndTimeline/fleetpush.sh: Operation not permitted
/bin/bash: /Users/willy/Desktop/Willy/FleetMapAndTimeline/fleetpush.sh: Operation not permitted
/bin/bash: /Users/willy/Desktop/Willy/FleetMapAndTimeline/fleetpush.sh: Operation not permitted
/bin/bash: /Users/willy/Desktop/Willy/FleetMapAndTimeline/fleetpush.sh: Operation not permitted
/bin/bash: /Users/willy/Desktop/Willy/FleetMapAndTimeline/fleetpush.sh: Operation not permitted
/bin/bash: /Users/willy/Desktop/Willy/FleetMapAndTimeline/fleetpush.sh: Operation not permitted
/bin/bash: /Users/willy/Desktop/Willy/FleetMapAndTimeline/fleetpush.sh: Operation not permitted
/bin/bash: /Users/willy/Desktop/Willy/FleetMapAndTimeline/fleetpush.sh: Operation not permitted
/bin/bash: /Users/willy/Desktop/Willy/FleetMapAndTimeline/fleetpush.sh: Operation not permitted
/bin/bash: /Users/willy/Desktop/Willy/FleetMapAndTimeline/fleetpush.sh: Operation not permitted
/bin/bash: /Users/willy/Desktop/Willy/FleetMapAndTimeline/fleetpush.sh: Operation not permitted
/bin/bash: /Users/willy/Desktop/Willy/FleetMapAndTimeline/fleetpush.sh: Operation not permitted
/bin/bash: /Users/willy/Desktop/Willy/FleetMapAndTimeline/fleetpush.sh: Operation not permitted
/bin/bash: /Users/willy/Desktop/Willy/FleetMapAndTimeline/fleetpush.sh: Operation not permitted
/bin/bash: /Users/willy/Desktop/Willy/FleetMapAndTimeline/fleetpush.sh: Operation not permitted
/bin/bash: /Users/willy/Desktop/Willy/FleetMapAndTimeline/fleetpush.sh: Operation not permitted
/bin/bash: /Users/willy/Desktop/Willy/FleetMapAndTimeline/fleetpush.sh: Operation not permitted
/bin/bash: /Users/willy/Desktop/Willy/FleetMapAndTimeline/fleetpush.sh: Operation not permitted
/bin/bash: /Users/willy/Desktop/Willy/FleetMapAndTimeline/fleetpush.sh: Operation not permitted
/bin/bash: /Users/willy/Desktop/Willy/FleetMapAndTimeline/fleetpush.sh: Operation not permitted
/bin/bash: /Users/willy/Desktop/Willy/FleetMapAndTimeline/fleetpush.sh: Operation not permitted
/bin/bash: /Users/willy/Desktop/Willy/FleetMapAndTimeline/fleetpush.sh: Operation not permitted
/bin/bash: /Users/willy/Desktop/Willy/FleetMapAndTimeline/fleetpush.sh: Operation not permitted
/bin/bash: /Users/willy/Desktop/Willy/FleetMapAndTimeline/fleetpush.sh: Operation not permitted
/bin/bash: /Users/willy/Desktop/Willy/FleetMapAndTimeline/fleetpush.sh: Operation not permitted
/bin/bash: /Users/willy/Desktop/Willy/FleetMapAndTimeline/fleetpush.sh: Operation not permitted
/bin/bash: /Users/willy/Desktop/Willy/FleetMapAndTimeline/fleetpush.sh: Operation not permitted
/bin/bash: /Users/willy/Desktop/Willy/FleetMapAndTimeline/fleetpush.sh: Operation not permitted
/bin/bash: /Users/willy/Desktop/Willy/FleetMapAndTimeline/fleetpush.sh: Operation not permitted
/bin/bash: /Users/willy/Desktop/Willy/FleetMapAndTimeline/fleetpush.sh: Operation not permitted
/bin/bash: /Users/willy/Desktop/Willy/FleetMapAndTimeline/fleetpush.sh: Operation not permitted
/bin/bash: /Users/willy/Desktop/Willy/FleetMapAndTimeline/fleetpush.sh: Operation not permitted
/bin/bash: /Users/willy/Desktop/Willy/FleetMapAndTimeline/fleetpush.sh: Operation not permitted
/bin/bash: /Users/willy/Desktop/Willy/FleetMapAndTimeline/fleetpush.sh: Operation not permitted
/bin/bash: /Users/willy/Desktop/Willy/FleetMapAndTimeline/fleetpush.sh: Operation not permitted
/bin/bash: /Users/willy/Desktop/Willy/FleetMapAndTimeline/fleetpush.sh: Operation not permitted
/bin/bash: /Users/willy/Desktop/Willy/FleetMapAndTimeline/fleetpush.sh: Operation not permitted
/bin/bash: /Users/willy/Desktop/Willy/FleetMapAndTimeline/fleetpush.sh: Operation not permitted
/bin/bash: /Users/willy/Desktop/Willy/FleetMapAndTimeline/fleetpush.sh: Operation not permitted
/bin/bash: /Users/willy/Desktop/Willy/FleetMapAndTimeline/fleetpush.sh: Operation not permitted
/bin/bash: /Users/willy/Desktop/Willy/FleetMapAndTimeline/fleetpush.sh: Operation not permitted
/bin/bash: /Users/willy/Desktop/Willy/FleetMapAndTimeline/fleetpush.sh: Operation not permitted
/bin/bash: /Users/willy/Desktop/Willy/FleetMapAndTimeline/fleetpush.sh: Operation not permitted
/bin/bash: /Users/willy/Desktop/Willy/FleetMapAndTimeline/fleetpush.sh: Operation not permitted
/bin/bash: /Users/willy/Desktop/Willy/FleetMapAndTimeline/fleetpush.sh: Operation not permitted
/bin/bash: /Users/willy/Desktop/Willy/FleetMapAndTimeline/fleetpush.sh: Operation not permitted
/bin/bash: /Users/willy/Desktop/Willy/FleetMapAndTimeline/fleetpush.sh: Operation not permitted
/bin/bash: /Users/willy/Desktop/Willy/FleetMapAndTimeline/fleetpush.sh: Operation not permitted
2026-02-19 15:18:13 — Fleet map generation started

🚁 THC Fleet Map Generator
   2026-02-19 15:18:13

✅ Loaded 14 helicopters
  ⚠️  Unknown waypoint 'XRFD' in route for HZHC66
  ⚠️  Unknown waypoint 'XRFD' in route for HZHC66
  ⚠️  Unknown waypoint 'XRFD' in route for HZHC66
  ⚠️  Unknown waypoint 'XRFD' in route for HZHC66
  ⚠️  Unknown waypoint 'XRFD' in route for HZHC66
  ⚠️  Unknown waypoint 'XRFD' in route for HZHC66
  ⚠️  Unknown waypoint 'XRFD' in route for HZHC66
  ⚠️  Unknown waypoint 'XRFD' in route for HZHC66
✅ Loaded 5 flights
✅ Loaded 16 H125 pilot currency records
✅ Loaded 21 missions
✅ Fleet: 12 serviceable, 1 flying, 1 maint

✅ Done!
